<?xml version="1.0" encoding="UTF-8" ?>
<testsuite tests="13" failures="0" name="runner.TestRunner" time="0.078" errors="0" skipped="12">
  <properties>
[...]
</properties>
  <testcase classname="Scenario: User should be able to book a room" name="Given Open chrome and navigate to hotel web application" time="0.004">
    <skipped/>
  </testcase>
  <testcase classname="Scenario: User should be able to book a room" name="When User enter valid username and password" time="0.004">
    <skipped/>
  </testcase>
  <testcase classname="Scenario: User should be able to book a room" name="Then User Should be able to login successfuly" time="0.004">
    <skipped/>
  </testcase>
  <testcase classname="Scenario: User should be able to book a room" name="Then User select location, number of rooms, and gender specification" time="0.004">
    <skipped/>
  </testcase>
  <testcase classname="Scenario: User should be able to book a room" name="When User hit the submit button" time="0.005">
    <skipped/>
  </testcase>
  <testcase classname="Scenario: User should be able to book a room" name="Then User should be able to navigate to the next page" time="0.005">
    <skipped/>
  </testcase>
  <testcase classname="Scenario: User should be able to book a room" name="Then User select radio button and continue" time="0.005">
    <skipped/>
  </testcase>
  <testcase classname="Scenario: User should be able to book a room" name="Then User enter Full name, Address and payment information" time="0.007">
    <skipped/>
  </testcase>
  <testcase classname="Scenario: User should be able to book a room" name="When User hit book now button" time="0.007">
    <skipped/>
  </testcase>
  <testcase classname="Scenario: User should be able to book a room" name="Then User should be able to navigate to the logout page" time="0.008">
    <skipped/>
  </testcase>
  <testcase classname="Scenario: User should be able to book a room" name="When User hit the logout link" time="0.008">
    <skipped/>
  </testcase>
  <testcase classname="Scenario: User should be able to book a room" name="Then User Should loged out and navigated to the main page" time="0.008">
    <skipped/>
  </testcase>
  <testcase classname="Scenario: User should be able to book a room" name="Scenario: User should be able to book a room" time="0.009"/>
</testsuite>